<?xml version="1.0" encoding="UTF-8"?>
<testng-results ignored="0" total="10" passed="10" failed="0" skipped="0">
  <reporter-output>
  </reporter-output>
  <suite started-at="2022-02-18T12:41:10 MSK" name="AddSubtract" finished-at="2022-02-18T12:41:10 MSK" duration-ms="91">
    <groups>
    </groups>
    <test started-at="2022-02-18T12:41:10 MSK" name="C:\Users\EVA Unit-11\Desktop\EPAM\selenium\HW1. Unit Frameworks\HW1" finished-at="2022-02-18T12:41:10 MSK" duration-ms="91">
      <class name="com.epam.tc.hw1.SubtractTest">
        <test-method signature="testSubtract(int,int,int)[pri:0, instance:com.epam.tc.hw1.SubtractTest@5a955565]" started-at="2022-02-18T12:41:10 MSK" name="testSubtract" data-provider="testing subtract numbers" finished-at="2022-02-18T12:41:10 MSK" duration-ms="0" status="PASS">
          <params>
            <param index="0">
              <value>
                <![CDATA[-5]]>
              </value>
            </param>
            <param index="1">
              <value>
                <![CDATA[3]]>
              </value>
            </param>
            <param index="2">
              <value>
                <![CDATA[-8]]>
              </value>
            </param>
          </params>
          <reporter-output>
          </reporter-output>
        </test-method> <!-- testSubtract -->
        <test-method signature="testSubtract(int,int,int)[pri:0, instance:com.epam.tc.hw1.SubtractTest@5a955565]" started-at="2022-02-18T12:41:10 MSK" name="testSubtract" data-provider="testing subtract numbers" finished-at="2022-02-18T12:41:10 MSK" duration-ms="0" status="PASS">
          <params>
            <param index="0">
              <value>
                <![CDATA[0]]>
              </value>
            </param>
            <param index="1">
              <value>
                <![CDATA[0]]>
              </value>
            </param>
            <param index="2">
              <value>
                <![CDATA[0]]>
              </value>
            </param>
          </params>
          <reporter-output>
          </reporter-output>
        </test-method> <!-- testSubtract -->
        <test-method signature="testSubtract(int,int,int)[pri:0, instance:com.epam.tc.hw1.SubtractTest@5a955565]" started-at="2022-02-18T12:41:10 MSK" name="testSubtract" data-provider="testing subtract numbers" finished-at="2022-02-18T12:41:10 MSK" duration-ms="0" status="PASS">
          <params>
            <param index="0">
              <value>
                <![CDATA[4]]>
              </value>
            </param>
            <param index="1">
              <value>
                <![CDATA[-3]]>
              </value>
            </param>
            <param index="2">
              <value>
                <![CDATA[7]]>
              </value>
            </param>
          </params>
          <reporter-output>
          </reporter-output>
        </test-method> <!-- testSubtract -->
        <test-method signature="testSubtract(int,int,int)[pri:0, instance:com.epam.tc.hw1.SubtractTest@5a955565]" started-at="2022-02-18T12:41:10 MSK" name="testSubtract" data-provider="testing subtract numbers" finished-at="2022-02-18T12:41:10 MSK" duration-ms="0" status="PASS">
          <params>
            <param index="0">
              <value>
                <![CDATA[6]]>
              </value>
            </param>
            <param index="1">
              <value>
                <![CDATA[5]]>
              </value>
            </param>
            <param index="2">
              <value>
                <![CDATA[1]]>
              </value>
            </param>
          </params>
          <reporter-output>
          </reporter-output>
        </test-method> <!-- testSubtract -->
        <test-method signature="testSubtract(int,int,int)[pri:0, instance:com.epam.tc.hw1.SubtractTest@5a955565]" started-at="2022-02-18T12:41:10 MSK" name="testSubtract" data-provider="testing subtract numbers" finished-at="2022-02-18T12:41:10 MSK" duration-ms="0" status="PASS">
          <params>
            <param index="0">
              <value>
                <![CDATA[-1000]]>
              </value>
            </param>
            <param index="1">
              <value>
                <![CDATA[-500]]>
              </value>
            </param>
            <param index="2">
              <value>
                <![CDATA[-500]]>
              </value>
            </param>
          </params>
          <reporter-output>
          </reporter-output>
        </test-method> <!-- testSubtract -->
      </class> <!-- com.epam.tc.hw1.SubtractTest -->
      <class name="com.epam.tc.hw1.AddTest">
        <test-method signature="testAdd(int,int,int)[pri:0, instance:com.epam.tc.hw1.AddTest@501edcf1]" started-at="2022-02-18T12:41:10 MSK" name="testAdd" data-provider="testing add numbers" finished-at="2022-02-18T12:41:10 MSK" duration-ms="47" status="PASS">
          <params>
            <param index="0">
              <value>
                <![CDATA[0]]>
              </value>
            </param>
            <param index="1">
              <value>
                <![CDATA[5]]>
              </value>
            </param>
            <param index="2">
              <value>
                <![CDATA[5]]>
              </value>
            </param>
          </params>
          <reporter-output>
          </reporter-output>
        </test-method> <!-- testAdd -->
        <test-method signature="testAdd(int,int,int)[pri:0, instance:com.epam.tc.hw1.AddTest@501edcf1]" started-at="2022-02-18T12:41:10 MSK" name="testAdd" data-provider="testing add numbers" finished-at="2022-02-18T12:41:10 MSK" duration-ms="0" status="PASS">
          <params>
            <param index="0">
              <value>
                <![CDATA[1000]]>
              </value>
            </param>
            <param index="1">
              <value>
                <![CDATA[500]]>
              </value>
            </param>
            <param index="2">
              <value>
                <![CDATA[1500]]>
              </value>
            </param>
          </params>
          <reporter-output>
          </reporter-output>
        </test-method> <!-- testAdd -->
        <test-method signature="testAdd(int,int,int)[pri:0, instance:com.epam.tc.hw1.AddTest@501edcf1]" started-at="2022-02-18T12:41:10 MSK" name="testAdd" data-provider="testing add numbers" finished-at="2022-02-18T12:41:10 MSK" duration-ms="0" status="PASS">
          <params>
            <param index="0">
              <value>
                <![CDATA[-3]]>
              </value>
            </param>
            <param index="1">
              <value>
                <![CDATA[3]]>
              </value>
            </param>
            <param index="2">
              <value>
                <![CDATA[0]]>
              </value>
            </param>
          </params>
          <reporter-output>
          </reporter-output>
        </test-method> <!-- testAdd -->
        <test-method signature="testAdd(int,int,int)[pri:0, instance:com.epam.tc.hw1.AddTest@501edcf1]" started-at="2022-02-18T12:41:10 MSK" name="testAdd" data-provider="testing add numbers" finished-at="2022-02-18T12:41:10 MSK" duration-ms="0" status="PASS">
          <params>
            <param index="0">
              <value>
                <![CDATA[5]]>
              </value>
            </param>
            <param index="1">
              <value>
                <![CDATA[3]]>
              </value>
            </param>
            <param index="2">
              <value>
                <![CDATA[8]]>
              </value>
            </param>
          </params>
          <reporter-output>
          </reporter-output>
        </test-method> <!-- testAdd -->
        <test-method signature="testAdd(int,int,int)[pri:0, instance:com.epam.tc.hw1.AddTest@501edcf1]" started-at="2022-02-18T12:41:10 MSK" name="testAdd" data-provider="testing add numbers" finished-at="2022-02-18T12:41:10 MSK" duration-ms="0" status="PASS">
          <params>
            <param index="0">
              <value>
                <![CDATA[0]]>
              </value>
            </param>
            <param index="1">
              <value>
                <![CDATA[0]]>
              </value>
            </param>
            <param index="2">
              <value>
                <![CDATA[0]]>
              </value>
            </param>
          </params>
          <reporter-output>
          </reporter-output>
        </test-method> <!-- testAdd -->
      </class> <!-- com.epam.tc.hw1.AddTest -->
    </test> <!-- C:\Users\EVA Unit-11\Desktop\EPAM\selenium\HW1. Unit Frameworks\HW1 -->
  </suite> <!-- AddSubtract -->
</testng-results>
