<?xml version="1.0" encoding="UTF-8"?>
<testsuite xmlns:xsi="http://www.w3.org/2001/XMLSchema-instance" xsi:noNamespaceSchemaLocation="https://maven.apache.org/surefire/maven-surefire-plugin/xsd/surefire-test-report-3.0.xsd" version="3.0" name="TestSuite" time="0.457" tests="10" errors="0" skipped="0" failures="0">
  <properties>
[...]
</properties>
  <testcase name="testAdd[0, 5, 5](1)" classname="com.epam.tc.hw1.AddTest" time="0.047">
    <system-err><![CDATA[SLF4J: Failed to load class "org.slf4j.impl.StaticLoggerBinder".
SLF4J: Defaulting to no-operation (NOP) logger implementation
SLF4J: See http://www.slf4j.org/codes.html#StaticLoggerBinder for further details.
]]></system-err>
  </testcase>
  <testcase name="testAdd[5, 3, 8](2)" classname="com.epam.tc.hw1.AddTest" time="0"/>
  <testcase name="testAdd[0, 0, 0](3)" classname="com.epam.tc.hw1.AddTest" time="0"/>
  <testcase name="testAdd[-3, 3, 0](4)" classname="com.epam.tc.hw1.AddTest" time="0"/>
  <testcase name="testAdd[1000, 500, 1500](5)" classname="com.epam.tc.hw1.AddTest" time="0"/>
  <testcase name="testSubtract[6, 5, 1](1)" classname="com.epam.tc.hw1.SubtractTest" time="0"/>
  <testcase name="testSubtract[-5, 3, -8](2)" classname="com.epam.tc.hw1.SubtractTest" time="0"/>
  <testcase name="testSubtract[0, 0, 0](3)" classname="com.epam.tc.hw1.SubtractTest" time="0"/>
  <testcase name="testSubtract[4, -3, 7](4)" classname="com.epam.tc.hw1.SubtractTest" time="0"/>
  <testcase name="testSubtract[-1000, -500, -500](5)" classname="com.epam.tc.hw1.SubtractTest" time="0"/>
</testsuite>